<?xml version="1.0" encoding="UTF-8"?>
<!-- Generated by org.testng.reporters.JUnitReportReporter -->
<testsuite hostname="DESKTOP-0OTH8QT" failures="0" tests="1" name="computer.TC_DWS_006_Test" time="4.728" errors="0" timestamp="2024-11-12T10:55:45 IST" skipped="0">
  <testcase classname="computer.TC_DWS_006_Test" name="clickOnComputer" time="4.728"/>
  <system-out/>
</testsuite> <!-- computer.TC_DWS_006_Test -->
