<?xml version="1.0" encoding="UTF-8"?>
<!-- Generated by org.testng.reporters.JUnitReportReporter -->
<testsuite hostname="DESKTOP-0OTH8QT" failures="0" tests="1" name="book.TC_DWS_005_Test" time="8.815" errors="0" timestamp="2025-04-26T17:08:34 IST" skipped="0">
  <testcase classname="book.TC_DWS_005_Test" name="clickOnBook" time="8.815"/>
</testsuite> <!-- book.TC_DWS_005_Test -->
